Loading mods from "/home/someone120/screeps/server/db.json"
Connecting to storage
Loading mods from "/home/someone120/screeps/server/db.json"
Connecting to storage
Got SIGTERM, disabling queue fetching
Storage connection lost
Connecting to storage
Storage connection lost { Error: connect ECONNREFUSED 127.0.0.1:21025
    at TCPConnectWrap.afterConnect [as oncomplete] (net.js:1107:14)
  errno: 'ECONNREFUSED',
  code: 'ECONNREFUSED',
  syscall: 'connect',
  address: '127.0.0.1',
  port: 21025 }
Loading mods from "/home/someone120/screeps/server/db.json"
Connecting to storage
Got SIGTERM, disabling queue fetching
Storage connection lost
Connecting to storage
Storage connection lost { Error: connect ECONNREFUSED 127.0.0.1:21025
    at TCPConnectWrap.afterConnect [as oncomplete] (net.js:1107:14)
  errno: 'ECONNREFUSED',
  code: 'ECONNREFUSED',
  syscall: 'connect',
  address: '127.0.0.1',
  port: 21025 }
Loading mods from "/home/someone120/screeps/server/db.json"
Connecting to storage
Got SIGTERM, disabling queue fetching
Storage connection lost
Connecting to storage
Storage connection lost { Error: connect ECONNREFUSED 127.0.0.1:21025
    at TCPConnectWrap.afterConnect [as oncomplete] (net.js:1107:14)
  errno: 'ECONNREFUSED',
  code: 'ECONNREFUSED',
  syscall: 'connect',
  address: '127.0.0.1',
  port: 21025 }
Loading mods from "/home/someone120/screeps/server/db.json"
Connecting to storage
Error processing room W0N0: TypeError: Cannot read property 'terrain' of undefined
    at q.when.then (/home/someone120/screeps/node_modules/@screeps/engine/dist/processor.js:44:25)
    at _fulfilled (/home/someone120/screeps/node_modules/q/q.js:854:54)
    at /home/someone120/screeps/node_modules/q/q.js:883:30
    at Promise.promise.promiseDispatch (/home/someone120/screeps/node_modules/q/q.js:816:13)
    at /home/someone120/screeps/node_modules/q/q.js:570:49
    at runSingle (/home/someone120/screeps/node_modules/q/q.js:137:13)
    at flush (/home/someone120/screeps/node_modules/q/q.js:125:13)
    at process._tickCallback (internal/process/next_tick.js:61:11)
Got SIGTERM, disabling queue fetching
Storage connection lost
Loading mods from "/home/someone120/screeps/server/db.json"
Connecting to storage
Error processing room W0N0: TypeError: Cannot read property 'terrain' of undefined
    at q.when.then (/home/someone120/screeps/node_modules/@screeps/engine/dist/processor.js:44:25)
    at _fulfilled (/home/someone120/screeps/node_modules/q/q.js:854:54)
    at /home/someone120/screeps/node_modules/q/q.js:883:30
    at Promise.promise.promiseDispatch (/home/someone120/screeps/node_modules/q/q.js:816:13)
    at /home/someone120/screeps/node_modules/q/q.js:570:49
    at runSingle (/home/someone120/screeps/node_modules/q/q.js:137:13)
    at flush (/home/someone120/screeps/node_modules/q/q.js:125:13)
    at process._tickCallback (internal/process/next_tick.js:61:11)
Got SIGTERM, disabling queue fetching
Storage connection lost
Loading mods from "/home/someone120/screeps/server/db.json"
Connecting to storage
Error processing room W0N0: TypeError: Cannot read property 'terrain' of undefined
    at q.when.then (/home/someone120/screeps/node_modules/@screeps/engine/dist/processor.js:44:25)
    at _fulfilled (/home/someone120/screeps/node_modules/q/q.js:854:54)
    at /home/someone120/screeps/node_modules/q/q.js:883:30
    at Promise.promise.promiseDispatch (/home/someone120/screeps/node_modules/q/q.js:816:13)
    at /home/someone120/screeps/node_modules/q/q.js:570:49
    at runSingle (/home/someone120/screeps/node_modules/q/q.js:137:13)
    at flush (/home/someone120/screeps/node_modules/q/q.js:125:13)
    at process._tickCallback (internal/process/next_tick.js:61:11)
Got SIGTERM, disabling queue fetching
Storage connection lost
